<?xml version="1.0" encoding="UTF-8"?>
<testng-results skipped="1" failed="0" total="1" passed="0">
  <reporter-output>
  </reporter-output>
  <suite name="Default suite" duration-ms="20738" started-at="2020-08-10T12:28:30Z" finished-at="2020-08-10T12:28:50Z">
    <groups>
    </groups>
    <test name="Default test" duration-ms="20738" started-at="2020-08-10T12:28:30Z" finished-at="2020-08-10T12:28:50Z">
      <class name="com.interview.shoppingcart.tests.CreateAccountTest">
        <test-method status="PASS" signature="beforeTest()[pri:0, instance:com.interview.shoppingcart.tests.CreateAccountTest@2aaf7cc2]" name="beforeTest" is-config="true" duration-ms="20673" started-at="2020-08-10T17:58:30Z" finished-at="2020-08-10T17:58:50Z">
          <reporter-output>
          </reporter-output>
        </test-method> <!-- beforeTest -->
        <test-method status="SKIP" signature="createAccount(java.util.Map)[pri:0, instance:com.interview.shoppingcart.tests.CreateAccountTest@2aaf7cc2]" name="createAccount" duration-ms="0" started-at="2020-08-10T17:58:50Z" data-provider="userRegistrationdata" finished-at="2020-08-10T17:58:50Z">
          <exception class="java.lang.RuntimeException">
            <message>
              <![CDATA[Can't invoke method public java.lang.Object[][] com.interview.shoppingcart.dataproviders.UserDataProvider.getRegistrationData() throws java.io.FileNotFoundException on this instance of class com.interview.shoppingcart.tests.CreateAccountTest due to class mismatch]]>
            </message>
            <full-stacktrace>
              <![CDATA[java.lang.RuntimeException: Can't invoke method public java.lang.Object[][] com.interview.shoppingcart.dataproviders.UserDataProvider.getRegistrationData() throws java.io.FileNotFoundException on this instance of class com.interview.shoppingcart.tests.CreateAccountTest due to class mismatch
	at org.testng.internal.MethodInvocationHelper.invokeMethod(MethodInvocationHelper.java:75)
	at org.testng.internal.MethodInvocationHelper.invokeDataProvider(MethodInvocationHelper.java:137)
	at org.testng.internal.Parameters.handleParameters(Parameters.java:430)
	at org.testng.internal.Invoker.handleParameters(Invoker.java:1276)
	at org.testng.internal.Invoker.createParameters(Invoker.java:991)
	at org.testng.internal.Invoker.invokeTestMethods(Invoker.java:1081)
	at org.testng.internal.TestMethodWorker.invokeTestMethods(TestMethodWorker.java:129)
	at org.testng.internal.TestMethodWorker.run(TestMethodWorker.java:112)
	at org.testng.TestRunner.privateRun(TestRunner.java:782)
	at org.testng.TestRunner.run(TestRunner.java:632)
	at org.testng.SuiteRunner.runTest(SuiteRunner.java:366)
	at org.testng.SuiteRunner.runSequentially(SuiteRunner.java:361)
	at org.testng.SuiteRunner.privateRun(SuiteRunner.java:319)
	at org.testng.SuiteRunner.run(SuiteRunner.java:268)
	at org.testng.SuiteRunnerWorker.runSuite(SuiteRunnerWorker.java:52)
	at org.testng.SuiteRunnerWorker.run(SuiteRunnerWorker.java:86)
	at org.testng.TestNG.runSuitesSequentially(TestNG.java:1244)
	at org.testng.TestNG.runSuitesLocally(TestNG.java:1169)
	at org.testng.TestNG.run(TestNG.java:1064)
	at org.testng.remote.RemoteTestNG.run(RemoteTestNG.java:113)
	at org.testng.remote.RemoteTestNG.initAndRun(RemoteTestNG.java:206)
	at org.testng.remote.RemoteTestNG.main(RemoteTestNG.java:177)
]]>
            </full-stacktrace>
          </exception> <!-- java.lang.RuntimeException -->
          <reporter-output>
          </reporter-output>
        </test-method> <!-- createAccount -->
        <test-method status="PASS" signature="afterTest()[pri:0, instance:com.interview.shoppingcart.tests.CreateAccountTest@2aaf7cc2]" name="afterTest" is-config="true" duration-ms="1" started-at="2020-08-10T17:58:50Z" finished-at="2020-08-10T17:58:50Z">
          <reporter-output>
          </reporter-output>
        </test-method> <!-- afterTest -->
      </class> <!-- com.interview.shoppingcart.tests.CreateAccountTest -->
    </test> <!-- Default test -->
  </suite> <!-- Default suite -->
</testng-results>
